<?xml version="1.0" encoding="UTF-8"?>
<!-- Generated by org.testng.reporters.JUnitReportReporter -->
<testsuite skipped="5" hostname="Nagababu" name="actions.MouseOperations" tests="6" failures="0" timestamp="2020-10-28T18:13:21 IST" time="24.208" errors="0">
  <testcase name="rightClickMethod" time="24.208" classname="actions.MouseOperations"/>
  <system-out/>
  <testcase name="autosuggestions" classname="actions.MouseOperations">
    <skipped/>
  </testcase> <!-- autosuggestions -->
  <system-out/>
  <testcase name="dragAnddrop" classname="actions.MouseOperations">
    <skipped/>
  </testcase> <!-- dragAnddrop -->
  <system-out/>
  <testcase name="MoveToelement" classname="actions.MouseOperations">
    <skipped/>
  </testcase> <!-- MoveToelement -->
  <system-out/>
  <testcase name="slider" classname="actions.MouseOperations">
    <skipped/>
  </testcase> <!-- slider -->
  <system-out/>
  <testcase name="Browserslider" classname="actions.MouseOperations">
    <skipped/>
  </testcase> <!-- Browserslider -->
  <system-out/>
</testsuite> <!-- actions.MouseOperations -->
