<?xml version="1.0" encoding="UTF-8"?>
<!-- Generated by org.testng.reporters.JUnitReportReporter -->
<testsuite skipped="0" hostname="Nagababu" name="com.loginpage.Ohrmlogin" tests="1" failures="0" timestamp="2020-10-28T11:52:22 IST" time="26.185" errors="0">
  <testcase name="Userlogin" time="26.185" classname="com.loginpage.Ohrmlogin"/>
  <system-out/>
</testsuite> <!-- com.loginpage.Ohrmlogin -->
