<?xml version="1.0" encoding="UTF-8"?>
<!-- Generated by org.testng.reporters.JUnitReportReporter -->
<testsuite skipped="0" hostname="Nagababu" name="parall.TestMethods" tests="2" failures="0" timestamp="2020-10-31T20:05:02 IST" time="0.037" errors="0">
  <testcase name="simpletest2" time="0.019" classname="parall.TestMethods"/>
  <system-out/>
  <testcase name="simpletest1" time="0.018" classname="parall.TestMethods"/>
  <system-out/>
</testsuite> <!-- parall.TestMethods -->
