<?xml version="1.0" encoding="UTF-8"?>
<!-- Generated by org.testng.reporters.JUnitReportReporter -->
<testsuite skipped="0" hostname="Nagababu" name="com.loginpage.FBlogin" tests="1" failures="0" timestamp="2020-11-28T20:05:56 IST" time="56.773" errors="0">
  <testcase name="userlogin" time="56.773" classname="com.loginpage.FBlogin"/>
  <system-out/>
</testsuite> <!-- com.loginpage.FBlogin -->
