<?xml version="1.0" encoding="UTF-8"?>
<!-- Generated by org.testng.reporters.JUnitReportReporter -->
<testsuite skipped="0" hostname="Nagababu" name="suitA.TestA2" tests="1" failures="0" timestamp="2020-11-04T14:19:34 IST" time="2.008" errors="0">
  <testcase name="f" time="2.008" classname="suitA.TestA2"/>
  <system-out/>
</testsuite> <!-- suitA.TestA2 -->
