<?xml version="1.0" encoding="UTF-8"?>
<!-- Generated by org.testng.reporters.JUnitReportReporter -->
<testsuite skipped="0" hostname="Nagababu" name="com.loginpage.FBlogin" tests="1" failures="0" timestamp="28 Nov 2020 15:15:48 GMT" time="14.791" errors="0">
  <testcase name="userlogin" time="14.791" classname="com.loginpage.FBlogin"/>
</testsuite> <!-- com.loginpage.FBlogin -->
